2026-03-14 18:53:27 | ERROR    | app.middleware.logging:_log_exception:220 - [1773485607415] Request error: POST /api/v1/service/ask | IP: 127.0.0.1 | Duration: 85.49ms | Error: AuthorizationException: AuthorizationException(403, 'security_exception', 'current license is non-compliant for [Reciprocal Rank Fusion (RRF)]')
Traceback:
Traceback (most recent call last):
  File "/root/03-faq-text-matching/app/middleware/logging.py", line 77, in dispatch
    response = await call_next(request)
               ^^^^^^^^^^^^^^^^^^^^^^^^
  File "/root/miniconda3/lib/python3.12/site-packages/starlette/middleware/base.py", line 168, in call_next
    raise app_exc from app_exc.__cause__ or app_exc.__context__
  File "/root/miniconda3/lib/python3.12/site-packages/starlette/middleware/base.py", line 144, in coro
    await self.app(scope, receive_or_disconnect, send_no_error)
  File "/root/miniconda3/lib/python3.12/site-packages/starlette/middleware/exceptions.py", line 63, in __call__
    await wrap_app_handling_exceptions(self.app, conn)(scope, receive, send)
  File "/root/miniconda3/lib/python3.12/site-packages/starlette/_exception_handler.py", line 53, in wrapped_app
    raise exc
  File "/root/miniconda3/lib/python3.12/site-packages/starlette/_exception_handler.py", line 42, in wrapped_app
    await app(scope, receive, sender)
  File "/root/miniconda3/lib/python3.12/site-packages/fastapi/middleware/asyncexitstack.py", line 18, in __call__
    await self.app(scope, receive, send)
  File "/root/miniconda3/lib/python3.12/site-packages/starlette/routing.py", line 716, in __call__
    await self.middleware_stack(scope, receive, send)
  File "/root/miniconda3/lib/python3.12/site-packages/starlette/routing.py", line 736, in app
    await route.handle(scope, receive, send)
  File "/root/miniconda3/lib/python3.12/site-packages/starlette/routing.py", line 290, in handle
    await self.app(scope, receive, send)
  File "/root/miniconda3/lib/python3.12/site-packages/fastapi/routing.py", line 130, in app
    await wrap_app_handling_exceptions(app, request)(scope, receive, send)
  File "/root/miniconda3/lib/python3.12/site-packages/starlette/_exception_handler.py", line 53, in wrapped_app
    raise exc
  File "/root/miniconda3/lib/python3.12/site-packages/starlette/_exception_handler.py", line 42, in wrapped_app
    await app(scope, receive, sender)
  File "/root/miniconda3/lib/python3.12/site-packages/fastapi/routing.py", line 116, in app
    response = await f(request)
               ^^^^^^^^^^^^^^^^
  File "/root/miniconda3/lib/python3.12/site-packages/fastapi/routing.py", line 670, in app
    raw_response = await run_endpoint_function(
                   ^^^^^^^^^^^^^^^^^^^^^^^^^^^^
  File "/root/miniconda3/lib/python3.12/site-packages/fastapi/routing.py", line 326, in run_endpoint_function
    return await run_in_threadpool(dependant.call, **values)
           ^^^^^^^^^^^^^^^^^^^^^^^^^^^^^^^^^^^^^^^^^^^^^^^^^
  File "/root/miniconda3/lib/python3.12/site-packages/starlette/concurrency.py", line 32, in run_in_threadpool
    return await anyio.to_thread.run_sync(func)
           ^^^^^^^^^^^^^^^^^^^^^^^^^^^^^^^^^^^^
  File "/root/miniconda3/lib/python3.12/site-packages/anyio/to_thread.py", line 56, in run_sync
    return await get_async_backend().run_sync_in_worker_thread(
           ^^^^^^^^^^^^^^^^^^^^^^^^^^^^^^^^^^^^^^^^^^^^^^^^^^^^
  File "/root/miniconda3/lib/python3.12/site-packages/anyio/_backends/_asyncio.py", line 2470, in run_sync_in_worker_thread
    return await future
           ^^^^^^^^^^^^
  File "/root/miniconda3/lib/python3.12/site-packages/anyio/_backends/_asyncio.py", line 967, in run
    result = context.run(func, *args)
             ^^^^^^^^^^^^^^^^^^^^^^^^
  File "/root/03-faq-text-matching/app/routers/service.py", line 53, in ask_question
    search_results = ESSearch.hybrid_search(
                     ^^^^^^^^^^^^^^^^^^^^^^^
  File "/root/03-faq-text-matching/app/services/elasticsearch.py", line 426, in hybrid_search
    result = client.search(index=cls.INDEX_NAME, body=body)
             ^^^^^^^^^^^^^^^^^^^^^^^^^^^^^^^^^^^^^^^^^^^^^^
  File "/root/miniconda3/lib/python3.12/site-packages/elasticsearch/_sync/client/utils.py", line 446, in wrapped
    return api(*args, **kwargs)
           ^^^^^^^^^^^^^^^^^^^^
  File "/root/miniconda3/lib/python3.12/site-packages/elasticsearch/_sync/client/__init__.py", line 3836, in search
    return self.perform_request(  # type: ignore[return-value]
           ^^^^^^^^^^^^^^^^^^^^^^^^^^^^^^^^^^^^^^^^^^^^^^^^^^^
  File "/root/miniconda3/lib/python3.12/site-packages/elasticsearch/_sync/client/_base.py", line 320, in perform_request
    raise HTTP_EXCEPTIONS.get(meta.status, ApiError)(
elasticsearch.AuthorizationException: AuthorizationException(403, 'security_exception', 'current license is non-compliant for [Reciprocal Rank Fusion (RRF)]')

2026-03-14 18:53:27 | ERROR    | app.main:global_exception_handler:102 - Unhandled exception: POST /api/v1/service/ask | IP: unknown | Error: AuthorizationException: AuthorizationException(403, 'security_exception', 'current license is non-compliant for [Reciprocal Rank Fusion (RRF)]')
2026-03-14 19:21:32 | ERROR    | app.middleware.logging:_log_exception:220 - [1773487292953] Request error: POST /api/v1/admin/categories | IP: 127.0.0.1 | Duration: 4.60ms | Error: IntegrityError: (pymysql.err.IntegrityError) (1062, "Duplicate entry 'TEST-二级-4' for key 'categories.uq_category_env_name_parent'")
[SQL: INSERT INTO categories (env, name, parent_id, level, original_id, creator, modifier, created_at, updated_at) VALUES (%(env)s, %(name)s, %(parent_id)s, %(level)s, %(original_id)s, %(creator)s, %(modifier)s, %(created_at)s, %(updated_at)s)]
[parameters: {'env': 'TEST', 'name': '二级', 'parent_id': 4, 'level': 2, 'original_id': None, 'creator': 'admin', 'modifier': None, 'created_at': datetime.datetime(2026, 3, 14, 11, 21, 32, 956606), 'updated_at': datetime.datetime(2026, 3, 14, 11, 21, 32, 956616)}]
(Background on this error at: https://sqlalche.me/e/20/gkpj)
Traceback:
Traceback (most recent call last):
  File "/root/miniconda3/lib/python3.12/site-packages/sqlalchemy/engine/base.py", line 1967, in _exec_single_context
    self.dialect.do_execute(
  File "/root/miniconda3/lib/python3.12/site-packages/sqlalchemy/engine/default.py", line 952, in do_execute
    cursor.execute(statement, parameters)
  File "/root/miniconda3/lib/python3.12/site-packages/pymysql/cursors.py", line 153, in execute
    result = self._query(query)
             ^^^^^^^^^^^^^^^^^^
  File "/root/miniconda3/lib/python3.12/site-packages/pymysql/cursors.py", line 322, in _query
    conn.query(q)
  File "/root/miniconda3/lib/python3.12/site-packages/pymysql/connections.py", line 575, in query
    self._affected_rows = self._read_query_result(unbuffered=unbuffered)
                          ^^^^^^^^^^^^^^^^^^^^^^^^^^^^^^^^^^^^^^^^^^^^^^
  File "/root/miniconda3/lib/python3.12/site-packages/pymysql/connections.py", line 826, in _read_query_result
    result.read()
  File "/root/miniconda3/lib/python3.12/site-packages/pymysql/connections.py", line 1203, in read
    first_packet = self.connection._read_packet()
                   ^^^^^^^^^^^^^^^^^^^^^^^^^^^^^^
  File "/root/miniconda3/lib/python3.12/site-packages/pymysql/connections.py", line 782, in _read_packet
    packet.raise_for_error()
  File "/root/miniconda3/lib/python3.12/site-packages/pymysql/protocol.py", line 219, in raise_for_error
    err.raise_mysql_exception(self._data)
  File "/root/miniconda3/lib/python3.12/site-packages/pymysql/err.py", line 150, in raise_mysql_exception
    raise errorclass(errno, errval)
pymysql.err.IntegrityError: (1062, "Duplicate entry 'TEST-二级-4' for key 'categories.uq_category_env_name_parent'")

The above exception was the direct cause of the following exception:

Traceback (most recent call last):
  File "/root/03-faq-text-matching/app/middleware/logging.py", line 77, in dispatch
    response = await call_next(request)
               ^^^^^^^^^^^^^^^^^^^^^^^^
  File "/root/miniconda3/lib/python3.12/site-packages/starlette/middleware/base.py", line 168, in call_next
    raise app_exc from app_exc.__cause__ or app_exc.__context__
  File "/root/miniconda3/lib/python3.12/site-packages/starlette/middleware/base.py", line 144, in coro
    await self.app(scope, receive_or_disconnect, send_no_error)
  File "/root/miniconda3/lib/python3.12/site-packages/starlette/middleware/exceptions.py", line 63, in __call__
    await wrap_app_handling_exceptions(self.app, conn)(scope, receive, send)
  File "/root/miniconda3/lib/python3.12/site-packages/starlette/_exception_handler.py", line 53, in wrapped_app
    raise exc
  File "/root/miniconda3/lib/python3.12/site-packages/starlette/_exception_handler.py", line 42, in wrapped_app
    await app(scope, receive, sender)
  File "/root/miniconda3/lib/python3.12/site-packages/fastapi/middleware/asyncexitstack.py", line 18, in __call__
    await self.app(scope, receive, send)
  File "/root/miniconda3/lib/python3.12/site-packages/starlette/routing.py", line 716, in __call__
    await self.middleware_stack(scope, receive, send)
  File "/root/miniconda3/lib/python3.12/site-packages/starlette/routing.py", line 736, in app
    await route.handle(scope, receive, send)
  File "/root/miniconda3/lib/python3.12/site-packages/starlette/routing.py", line 290, in handle
    await self.app(scope, receive, send)
  File "/root/miniconda3/lib/python3.12/site-packages/fastapi/routing.py", line 130, in app
    await wrap_app_handling_exceptions(app, request)(scope, receive, send)
  File "/root/miniconda3/lib/python3.12/site-packages/starlette/_exception_handler.py", line 53, in wrapped_app
    raise exc
  File "/root/miniconda3/lib/python3.12/site-packages/starlette/_exception_handler.py", line 42, in wrapped_app
    await app(scope, receive, sender)
  File "/root/miniconda3/lib/python3.12/site-packages/fastapi/routing.py", line 116, in app
    response = await f(request)
               ^^^^^^^^^^^^^^^^
  File "/root/miniconda3/lib/python3.12/site-packages/fastapi/routing.py", line 670, in app
    raw_response = await run_endpoint_function(
                   ^^^^^^^^^^^^^^^^^^^^^^^^^^^^
  File "/root/miniconda3/lib/python3.12/site-packages/fastapi/routing.py", line 326, in run_endpoint_function
    return await run_in_threadpool(dependant.call, **values)
           ^^^^^^^^^^^^^^^^^^^^^^^^^^^^^^^^^^^^^^^^^^^^^^^^^
  File "/root/miniconda3/lib/python3.12/site-packages/starlette/concurrency.py", line 32, in run_in_threadpool
    return await anyio.to_thread.run_sync(func)
           ^^^^^^^^^^^^^^^^^^^^^^^^^^^^^^^^^^^^
  File "/root/miniconda3/lib/python3.12/site-packages/anyio/to_thread.py", line 56, in run_sync
    return await get_async_backend().run_sync_in_worker_thread(
           ^^^^^^^^^^^^^^^^^^^^^^^^^^^^^^^^^^^^^^^^^^^^^^^^^^^^
  File "/root/miniconda3/lib/python3.12/site-packages/anyio/_backends/_asyncio.py", line 2470, in run_sync_in_worker_thread
    return await future
           ^^^^^^^^^^^^
  File "/root/miniconda3/lib/python3.12/site-packages/anyio/_backends/_asyncio.py", line 967, in run
    result = context.run(func, *args)
             ^^^^^^^^^^^^^^^^^^^^^^^^
  File "/root/03-faq-text-matching/app/routers/categories.py", line 48, in create_category
    db.flush()
  File "/root/miniconda3/lib/python3.12/site-packages/sqlalchemy/orm/session.py", line 4331, in flush
    self._flush(objects)
  File "/root/miniconda3/lib/python3.12/site-packages/sqlalchemy/orm/session.py", line 4466, in _flush
    with util.safe_reraise():
  File "/root/miniconda3/lib/python3.12/site-packages/sqlalchemy/util/langhelpers.py", line 121, in __exit__
    raise exc_value.with_traceback(exc_tb)
  File "/root/miniconda3/lib/python3.12/site-packages/sqlalchemy/orm/session.py", line 4427, in _flush
    flush_context.execute()
  File "/root/miniconda3/lib/python3.12/site-packages/sqlalchemy/orm/unitofwork.py", line 466, in execute
    rec.execute(self)
  File "/root/miniconda3/lib/python3.12/site-packages/sqlalchemy/orm/unitofwork.py", line 642, in execute
    util.preloaded.orm_persistence.save_obj(
  File "/root/miniconda3/lib/python3.12/site-packages/sqlalchemy/orm/persistence.py", line 93, in save_obj
    _emit_insert_statements(
  File "/root/miniconda3/lib/python3.12/site-packages/sqlalchemy/orm/persistence.py", line 1233, in _emit_insert_statements
    result = connection.execute(
             ^^^^^^^^^^^^^^^^^^^
  File "/root/miniconda3/lib/python3.12/site-packages/sqlalchemy/engine/base.py", line 1419, in execute
    return meth(
           ^^^^^
  File "/root/miniconda3/lib/python3.12/site-packages/sqlalchemy/sql/elements.py", line 527, in _execute_on_connection
    return connection._execute_clauseelement(
           ^^^^^^^^^^^^^^^^^^^^^^^^^^^^^^^^^^
  File "/root/miniconda3/lib/python3.12/site-packages/sqlalchemy/engine/base.py", line 1641, in _execute_clauseelement
    ret = self._execute_context(
          ^^^^^^^^^^^^^^^^^^^^^^
  File "/root/miniconda3/lib/python3.12/site-packages/sqlalchemy/engine/base.py", line 1846, in _execute_context
    return self._exec_single_context(
           ^^^^^^^^^^^^^^^^^^^^^^^^^^
  File "/root/miniconda3/lib/python3.12/site-packages/sqlalchemy/engine/base.py", line 1986, in _exec_single_context
    self._handle_dbapi_exception(
  File "/root/miniconda3/lib/python3.12/site-packages/sqlalchemy/engine/base.py", line 2363, in _handle_dbapi_exception
    raise sqlalchemy_exception.with_traceback(exc_info[2]) from e
  File "/root/miniconda3/lib/python3.12/site-packages/sqlalchemy/engine/base.py", line 1967, in _exec_single_context
    self.dialect.do_execute(
  File "/root/miniconda3/lib/python3.12/site-packages/sqlalchemy/engine/default.py", line 952, in do_execute
    cursor.execute(statement, parameters)
  File "/root/miniconda3/lib/python3.12/site-packages/pymysql/cursors.py", line 153, in execute
    result = self._query(query)
             ^^^^^^^^^^^^^^^^^^
  File "/root/miniconda3/lib/python3.12/site-packages/pymysql/cursors.py", line 322, in _query
    conn.query(q)
  File "/root/miniconda3/lib/python3.12/site-packages/pymysql/connections.py", line 575, in query
    self._affected_rows = self._read_query_result(unbuffered=unbuffered)
                          ^^^^^^^^^^^^^^^^^^^^^^^^^^^^^^^^^^^^^^^^^^^^^^
  File "/root/miniconda3/lib/python3.12/site-packages/pymysql/connections.py", line 826, in _read_query_result
    result.read()
  File "/root/miniconda3/lib/python3.12/site-packages/pymysql/connections.py", line 1203, in read
    first_packet = self.connection._read_packet()
                   ^^^^^^^^^^^^^^^^^^^^^^^^^^^^^^
  File "/root/miniconda3/lib/python3.12/site-packages/pymysql/connections.py", line 782, in _read_packet
    packet.raise_for_error()
  File "/root/miniconda3/lib/python3.12/site-packages/pymysql/protocol.py", line 219, in raise_for_error
    err.raise_mysql_exception(self._data)
  File "/root/miniconda3/lib/python3.12/site-packages/pymysql/err.py", line 150, in raise_mysql_exception
    raise errorclass(errno, errval)
sqlalchemy.exc.IntegrityError: (pymysql.err.IntegrityError) (1062, "Duplicate entry 'TEST-二级-4' for key 'categories.uq_category_env_name_parent'")
[SQL: INSERT INTO categories (env, name, parent_id, level, original_id, creator, modifier, created_at, updated_at) VALUES (%(env)s, %(name)s, %(parent_id)s, %(level)s, %(original_id)s, %(creator)s, %(modifier)s, %(created_at)s, %(updated_at)s)]
[parameters: {'env': 'TEST', 'name': '二级', 'parent_id': 4, 'level': 2, 'original_id': None, 'creator': 'admin', 'modifier': None, 'created_at': datetime.datetime(2026, 3, 14, 11, 21, 32, 956606), 'updated_at': datetime.datetime(2026, 3, 14, 11, 21, 32, 956616)}]
(Background on this error at: https://sqlalche.me/e/20/gkpj)

2026-03-14 19:33:41 | ERROR    | app.middleware.logging:_log_exception:220 - [1773488021975] Request error: POST /api/v1/admin/faqs/1/solutions | IP: 127.0.0.1 | Duration: 14.62ms | Error: IntegrityError: (pymysql.err.IntegrityError) (1062, "Duplicate entry 'TEST-1-string' for key 'faq_solutions.uq_solution_env_faq_perspective'")
[SQL: INSERT INTO faq_solutions (env, faq_id, perspective, answer_type, content, is_default, sort, creator, modifier, created_at, updated_at) VALUES (%(env)s, %(faq_id)s, %(perspective)s, %(answer_type)s, %(content)s, %(is_default)s, %(sort)s, %(creator)s, %(modifier)s, %(created_at)s, %(updated_at)s)]
[parameters: {'env': 'TEST', 'faq_id': 1, 'perspective': 'string', 'answer_type': 'TEXT', 'content': 'string', 'is_default': 0, 'sort': 0, 'creator': 'string', 'modifier': None, 'created_at': datetime.datetime(2026, 3, 14, 11, 33, 41, 988549), 'updated_at': datetime.datetime(2026, 3, 14, 11, 33, 41, 988564)}]
(Background on this error at: https://sqlalche.me/e/20/gkpj)
Traceback:
Traceback (most recent call last):
  File "/root/miniconda3/lib/python3.12/site-packages/sqlalchemy/engine/base.py", line 1967, in _exec_single_context
    self.dialect.do_execute(
  File "/root/miniconda3/lib/python3.12/site-packages/sqlalchemy/engine/default.py", line 952, in do_execute
    cursor.execute(statement, parameters)
  File "/root/miniconda3/lib/python3.12/site-packages/pymysql/cursors.py", line 153, in execute
    result = self._query(query)
             ^^^^^^^^^^^^^^^^^^
  File "/root/miniconda3/lib/python3.12/site-packages/pymysql/cursors.py", line 322, in _query
    conn.query(q)
  File "/root/miniconda3/lib/python3.12/site-packages/pymysql/connections.py", line 575, in query
    self._affected_rows = self._read_query_result(unbuffered=unbuffered)
                          ^^^^^^^^^^^^^^^^^^^^^^^^^^^^^^^^^^^^^^^^^^^^^^
  File "/root/miniconda3/lib/python3.12/site-packages/pymysql/connections.py", line 826, in _read_query_result
    result.read()
  File "/root/miniconda3/lib/python3.12/site-packages/pymysql/connections.py", line 1203, in read
    first_packet = self.connection._read_packet()
                   ^^^^^^^^^^^^^^^^^^^^^^^^^^^^^^
  File "/root/miniconda3/lib/python3.12/site-packages/pymysql/connections.py", line 782, in _read_packet
    packet.raise_for_error()
  File "/root/miniconda3/lib/python3.12/site-packages/pymysql/protocol.py", line 219, in raise_for_error
    err.raise_mysql_exception(self._data)
  File "/root/miniconda3/lib/python3.12/site-packages/pymysql/err.py", line 150, in raise_mysql_exception
    raise errorclass(errno, errval)
pymysql.err.IntegrityError: (1062, "Duplicate entry 'TEST-1-string' for key 'faq_solutions.uq_solution_env_faq_perspective'")

The above exception was the direct cause of the following exception:

Traceback (most recent call last):
  File "/root/03-faq-text-matching/app/middleware/logging.py", line 77, in dispatch
    response = await call_next(request)
               ^^^^^^^^^^^^^^^^^^^^^^^^
  File "/root/miniconda3/lib/python3.12/site-packages/starlette/middleware/base.py", line 168, in call_next
    raise app_exc from app_exc.__cause__ or app_exc.__context__
  File "/root/miniconda3/lib/python3.12/site-packages/starlette/middleware/base.py", line 144, in coro
    await self.app(scope, receive_or_disconnect, send_no_error)
  File "/root/miniconda3/lib/python3.12/site-packages/starlette/middleware/exceptions.py", line 63, in __call__
    await wrap_app_handling_exceptions(self.app, conn)(scope, receive, send)
  File "/root/miniconda3/lib/python3.12/site-packages/starlette/_exception_handler.py", line 53, in wrapped_app
    raise exc
  File "/root/miniconda3/lib/python3.12/site-packages/starlette/_exception_handler.py", line 42, in wrapped_app
    await app(scope, receive, sender)
  File "/root/miniconda3/lib/python3.12/site-packages/fastapi/middleware/asyncexitstack.py", line 18, in __call__
    await self.app(scope, receive, send)
  File "/root/miniconda3/lib/python3.12/site-packages/starlette/routing.py", line 716, in __call__
    await self.middleware_stack(scope, receive, send)
  File "/root/miniconda3/lib/python3.12/site-packages/starlette/routing.py", line 736, in app
    await route.handle(scope, receive, send)
  File "/root/miniconda3/lib/python3.12/site-packages/starlette/routing.py", line 290, in handle
    await self.app(scope, receive, send)
  File "/root/miniconda3/lib/python3.12/site-packages/fastapi/routing.py", line 130, in app
    await wrap_app_handling_exceptions(app, request)(scope, receive, send)
  File "/root/miniconda3/lib/python3.12/site-packages/starlette/_exception_handler.py", line 53, in wrapped_app
    raise exc
  File "/root/miniconda3/lib/python3.12/site-packages/starlette/_exception_handler.py", line 42, in wrapped_app
    await app(scope, receive, sender)
  File "/root/miniconda3/lib/python3.12/site-packages/fastapi/routing.py", line 116, in app
    response = await f(request)
               ^^^^^^^^^^^^^^^^
  File "/root/miniconda3/lib/python3.12/site-packages/fastapi/routing.py", line 670, in app
    raw_response = await run_endpoint_function(
                   ^^^^^^^^^^^^^^^^^^^^^^^^^^^^
  File "/root/miniconda3/lib/python3.12/site-packages/fastapi/routing.py", line 326, in run_endpoint_function
    return await run_in_threadpool(dependant.call, **values)
           ^^^^^^^^^^^^^^^^^^^^^^^^^^^^^^^^^^^^^^^^^^^^^^^^^
  File "/root/miniconda3/lib/python3.12/site-packages/starlette/concurrency.py", line 32, in run_in_threadpool
    return await anyio.to_thread.run_sync(func)
           ^^^^^^^^^^^^^^^^^^^^^^^^^^^^^^^^^^^^
  File "/root/miniconda3/lib/python3.12/site-packages/anyio/to_thread.py", line 56, in run_sync
    return await get_async_backend().run_sync_in_worker_thread(
           ^^^^^^^^^^^^^^^^^^^^^^^^^^^^^^^^^^^^^^^^^^^^^^^^^^^^
  File "/root/miniconda3/lib/python3.12/site-packages/anyio/_backends/_asyncio.py", line 2470, in run_sync_in_worker_thread
    return await future
           ^^^^^^^^^^^^
  File "/root/miniconda3/lib/python3.12/site-packages/anyio/_backends/_asyncio.py", line 967, in run
    result = context.run(func, *args)
             ^^^^^^^^^^^^^^^^^^^^^^^^
  File "/root/03-faq-text-matching/app/routers/faqs.py", line 270, in create_solution
    db.flush()
  File "/root/miniconda3/lib/python3.12/site-packages/sqlalchemy/orm/session.py", line 4331, in flush
    self._flush(objects)
  File "/root/miniconda3/lib/python3.12/site-packages/sqlalchemy/orm/session.py", line 4466, in _flush
    with util.safe_reraise():
  File "/root/miniconda3/lib/python3.12/site-packages/sqlalchemy/util/langhelpers.py", line 121, in __exit__
    raise exc_value.with_traceback(exc_tb)
  File "/root/miniconda3/lib/python3.12/site-packages/sqlalchemy/orm/session.py", line 4427, in _flush
    flush_context.execute()
  File "/root/miniconda3/lib/python3.12/site-packages/sqlalchemy/orm/unitofwork.py", line 466, in execute
    rec.execute(self)
  File "/root/miniconda3/lib/python3.12/site-packages/sqlalchemy/orm/unitofwork.py", line 642, in execute
    util.preloaded.orm_persistence.save_obj(
  File "/root/miniconda3/lib/python3.12/site-packages/sqlalchemy/orm/persistence.py", line 93, in save_obj
    _emit_insert_statements(
  File "/root/miniconda3/lib/python3.12/site-packages/sqlalchemy/orm/persistence.py", line 1233, in _emit_insert_statements
    result = connection.execute(
             ^^^^^^^^^^^^^^^^^^^
  File "/root/miniconda3/lib/python3.12/site-packages/sqlalchemy/engine/base.py", line 1419, in execute
    return meth(
           ^^^^^
  File "/root/miniconda3/lib/python3.12/site-packages/sqlalchemy/sql/elements.py", line 527, in _execute_on_connection
    return connection._execute_clauseelement(
           ^^^^^^^^^^^^^^^^^^^^^^^^^^^^^^^^^^
  File "/root/miniconda3/lib/python3.12/site-packages/sqlalchemy/engine/base.py", line 1641, in _execute_clauseelement
    ret = self._execute_context(
          ^^^^^^^^^^^^^^^^^^^^^^
  File "/root/miniconda3/lib/python3.12/site-packages/sqlalchemy/engine/base.py", line 1846, in _execute_context
    return self._exec_single_context(
           ^^^^^^^^^^^^^^^^^^^^^^^^^^
  File "/root/miniconda3/lib/python3.12/site-packages/sqlalchemy/engine/base.py", line 1986, in _exec_single_context
    self._handle_dbapi_exception(
  File "/root/miniconda3/lib/python3.12/site-packages/sqlalchemy/engine/base.py", line 2363, in _handle_dbapi_exception
    raise sqlalchemy_exception.with_traceback(exc_info[2]) from e
  File "/root/miniconda3/lib/python3.12/site-packages/sqlalchemy/engine/base.py", line 1967, in _exec_single_context
    self.dialect.do_execute(
  File "/root/miniconda3/lib/python3.12/site-packages/sqlalchemy/engine/default.py", line 952, in do_execute
    cursor.execute(statement, parameters)
  File "/root/miniconda3/lib/python3.12/site-packages/pymysql/cursors.py", line 153, in execute
    result = self._query(query)
             ^^^^^^^^^^^^^^^^^^
  File "/root/miniconda3/lib/python3.12/site-packages/pymysql/cursors.py", line 322, in _query
    conn.query(q)
  File "/root/miniconda3/lib/python3.12/site-packages/pymysql/connections.py", line 575, in query
    self._affected_rows = self._read_query_result(unbuffered=unbuffered)
                          ^^^^^^^^^^^^^^^^^^^^^^^^^^^^^^^^^^^^^^^^^^^^^^
  File "/root/miniconda3/lib/python3.12/site-packages/pymysql/connections.py", line 826, in _read_query_result
    result.read()
  File "/root/miniconda3/lib/python3.12/site-packages/pymysql/connections.py", line 1203, in read
    first_packet = self.connection._read_packet()
                   ^^^^^^^^^^^^^^^^^^^^^^^^^^^^^^
  File "/root/miniconda3/lib/python3.12/site-packages/pymysql/connections.py", line 782, in _read_packet
    packet.raise_for_error()
  File "/root/miniconda3/lib/python3.12/site-packages/pymysql/protocol.py", line 219, in raise_for_error
    err.raise_mysql_exception(self._data)
  File "/root/miniconda3/lib/python3.12/site-packages/pymysql/err.py", line 150, in raise_mysql_exception
    raise errorclass(errno, errval)
sqlalchemy.exc.IntegrityError: (pymysql.err.IntegrityError) (1062, "Duplicate entry 'TEST-1-string' for key 'faq_solutions.uq_solution_env_faq_perspective'")
[SQL: INSERT INTO faq_solutions (env, faq_id, perspective, answer_type, content, is_default, sort, creator, modifier, created_at, updated_at) VALUES (%(env)s, %(faq_id)s, %(perspective)s, %(answer_type)s, %(content)s, %(is_default)s, %(sort)s, %(creator)s, %(modifier)s, %(created_at)s, %(updated_at)s)]
[parameters: {'env': 'TEST', 'faq_id': 1, 'perspective': 'string', 'answer_type': 'TEXT', 'content': 'string', 'is_default': 0, 'sort': 0, 'creator': 'string', 'modifier': None, 'created_at': datetime.datetime(2026, 3, 14, 11, 33, 41, 988549), 'updated_at': datetime.datetime(2026, 3, 14, 11, 33, 41, 988564)}]
(Background on this error at: https://sqlalche.me/e/20/gkpj)

2026-03-14 19:36:00 | ERROR    | app.middleware.logging:_log_exception:220 - [1773488160919] Request error: POST /api/v1/admin/faqs/1/solutions | IP: 127.0.0.1 | Duration: 22.93ms | Error: IntegrityError: (pymysql.err.IntegrityError) (1062, "Duplicate entry 'TEST-1-string' for key 'faq_solutions.uq_solution_env_faq_perspective'")
[SQL: INSERT INTO faq_solutions (env, faq_id, perspective, answer_type, content, is_default, sort, creator, modifier, created_at, updated_at) VALUES (%(env)s, %(faq_id)s, %(perspective)s, %(answer_type)s, %(content)s, %(is_default)s, %(sort)s, %(creator)s, %(modifier)s, %(created_at)s, %(updated_at)s)]
[parameters: {'env': 'TEST', 'faq_id': 1, 'perspective': 'string', 'answer_type': 'TEXT', 'content': 'string', 'is_default': 0, 'sort': 0, 'creator': 'string', 'modifier': None, 'created_at': datetime.datetime(2026, 3, 14, 11, 36, 0, 941125), 'updated_at': datetime.datetime(2026, 3, 14, 11, 36, 0, 941131)}]
(Background on this error at: https://sqlalche.me/e/20/gkpj)
Traceback:
Traceback (most recent call last):
  File "/root/miniconda3/lib/python3.12/site-packages/sqlalchemy/engine/base.py", line 1967, in _exec_single_context
    self.dialect.do_execute(
  File "/root/miniconda3/lib/python3.12/site-packages/sqlalchemy/engine/default.py", line 952, in do_execute
    cursor.execute(statement, parameters)
  File "/root/miniconda3/lib/python3.12/site-packages/pymysql/cursors.py", line 153, in execute
    result = self._query(query)
             ^^^^^^^^^^^^^^^^^^
  File "/root/miniconda3/lib/python3.12/site-packages/pymysql/cursors.py", line 322, in _query
    conn.query(q)
  File "/root/miniconda3/lib/python3.12/site-packages/pymysql/connections.py", line 575, in query
    self._affected_rows = self._read_query_result(unbuffered=unbuffered)
                          ^^^^^^^^^^^^^^^^^^^^^^^^^^^^^^^^^^^^^^^^^^^^^^
  File "/root/miniconda3/lib/python3.12/site-packages/pymysql/connections.py", line 826, in _read_query_result
    result.read()
  File "/root/miniconda3/lib/python3.12/site-packages/pymysql/connections.py", line 1203, in read
    first_packet = self.connection._read_packet()
                   ^^^^^^^^^^^^^^^^^^^^^^^^^^^^^^
  File "/root/miniconda3/lib/python3.12/site-packages/pymysql/connections.py", line 782, in _read_packet
    packet.raise_for_error()
  File "/root/miniconda3/lib/python3.12/site-packages/pymysql/protocol.py", line 219, in raise_for_error
    err.raise_mysql_exception(self._data)
  File "/root/miniconda3/lib/python3.12/site-packages/pymysql/err.py", line 150, in raise_mysql_exception
    raise errorclass(errno, errval)
pymysql.err.IntegrityError: (1062, "Duplicate entry 'TEST-1-string' for key 'faq_solutions.uq_solution_env_faq_perspective'")

The above exception was the direct cause of the following exception:

Traceback (most recent call last):
  File "/root/03-faq-text-matching/app/middleware/logging.py", line 77, in dispatch
    response = await call_next(request)
               ^^^^^^^^^^^^^^^^^^^^^^^^
  File "/root/miniconda3/lib/python3.12/site-packages/starlette/middleware/base.py", line 168, in call_next
    raise app_exc from app_exc.__cause__ or app_exc.__context__
  File "/root/miniconda3/lib/python3.12/site-packages/starlette/middleware/base.py", line 144, in coro
    await self.app(scope, receive_or_disconnect, send_no_error)
  File "/root/miniconda3/lib/python3.12/site-packages/starlette/middleware/exceptions.py", line 63, in __call__
    await wrap_app_handling_exceptions(self.app, conn)(scope, receive, send)
  File "/root/miniconda3/lib/python3.12/site-packages/starlette/_exception_handler.py", line 53, in wrapped_app
    raise exc
  File "/root/miniconda3/lib/python3.12/site-packages/starlette/_exception_handler.py", line 42, in wrapped_app
    await app(scope, receive, sender)
  File "/root/miniconda3/lib/python3.12/site-packages/fastapi/middleware/asyncexitstack.py", line 18, in __call__
    await self.app(scope, receive, send)
  File "/root/miniconda3/lib/python3.12/site-packages/starlette/routing.py", line 716, in __call__
    await self.middleware_stack(scope, receive, send)
  File "/root/miniconda3/lib/python3.12/site-packages/starlette/routing.py", line 736, in app
    await route.handle(scope, receive, send)
  File "/root/miniconda3/lib/python3.12/site-packages/starlette/routing.py", line 290, in handle
    await self.app(scope, receive, send)
  File "/root/miniconda3/lib/python3.12/site-packages/fastapi/routing.py", line 130, in app
    await wrap_app_handling_exceptions(app, request)(scope, receive, send)
  File "/root/miniconda3/lib/python3.12/site-packages/starlette/_exception_handler.py", line 53, in wrapped_app
    raise exc
  File "/root/miniconda3/lib/python3.12/site-packages/starlette/_exception_handler.py", line 42, in wrapped_app
    await app(scope, receive, sender)
  File "/root/miniconda3/lib/python3.12/site-packages/fastapi/routing.py", line 116, in app
    response = await f(request)
               ^^^^^^^^^^^^^^^^
  File "/root/miniconda3/lib/python3.12/site-packages/fastapi/routing.py", line 670, in app
    raw_response = await run_endpoint_function(
                   ^^^^^^^^^^^^^^^^^^^^^^^^^^^^
  File "/root/miniconda3/lib/python3.12/site-packages/fastapi/routing.py", line 326, in run_endpoint_function
    return await run_in_threadpool(dependant.call, **values)
           ^^^^^^^^^^^^^^^^^^^^^^^^^^^^^^^^^^^^^^^^^^^^^^^^^
  File "/root/miniconda3/lib/python3.12/site-packages/starlette/concurrency.py", line 32, in run_in_threadpool
    return await anyio.to_thread.run_sync(func)
           ^^^^^^^^^^^^^^^^^^^^^^^^^^^^^^^^^^^^
  File "/root/miniconda3/lib/python3.12/site-packages/anyio/to_thread.py", line 56, in run_sync
    return await get_async_backend().run_sync_in_worker_thread(
           ^^^^^^^^^^^^^^^^^^^^^^^^^^^^^^^^^^^^^^^^^^^^^^^^^^^^
  File "/root/miniconda3/lib/python3.12/site-packages/anyio/_backends/_asyncio.py", line 2470, in run_sync_in_worker_thread
    return await future
           ^^^^^^^^^^^^
  File "/root/miniconda3/lib/python3.12/site-packages/anyio/_backends/_asyncio.py", line 967, in run
    result = context.run(func, *args)
             ^^^^^^^^^^^^^^^^^^^^^^^^
  File "/root/03-faq-text-matching/app/routers/faqs.py", line 270, in create_solution
    db.flush()
  File "/root/miniconda3/lib/python3.12/site-packages/sqlalchemy/orm/session.py", line 4331, in flush
    self._flush(objects)
  File "/root/miniconda3/lib/python3.12/site-packages/sqlalchemy/orm/session.py", line 4466, in _flush
    with util.safe_reraise():
  File "/root/miniconda3/lib/python3.12/site-packages/sqlalchemy/util/langhelpers.py", line 121, in __exit__
    raise exc_value.with_traceback(exc_tb)
  File "/root/miniconda3/lib/python3.12/site-packages/sqlalchemy/orm/session.py", line 4427, in _flush
    flush_context.execute()
  File "/root/miniconda3/lib/python3.12/site-packages/sqlalchemy/orm/unitofwork.py", line 466, in execute
    rec.execute(self)
  File "/root/miniconda3/lib/python3.12/site-packages/sqlalchemy/orm/unitofwork.py", line 642, in execute
    util.preloaded.orm_persistence.save_obj(
  File "/root/miniconda3/lib/python3.12/site-packages/sqlalchemy/orm/persistence.py", line 93, in save_obj
    _emit_insert_statements(
  File "/root/miniconda3/lib/python3.12/site-packages/sqlalchemy/orm/persistence.py", line 1233, in _emit_insert_statements
    result = connection.execute(
             ^^^^^^^^^^^^^^^^^^^
  File "/root/miniconda3/lib/python3.12/site-packages/sqlalchemy/engine/base.py", line 1419, in execute
    return meth(
           ^^^^^
  File "/root/miniconda3/lib/python3.12/site-packages/sqlalchemy/sql/elements.py", line 527, in _execute_on_connection
    return connection._execute_clauseelement(
           ^^^^^^^^^^^^^^^^^^^^^^^^^^^^^^^^^^
  File "/root/miniconda3/lib/python3.12/site-packages/sqlalchemy/engine/base.py", line 1641, in _execute_clauseelement
    ret = self._execute_context(
          ^^^^^^^^^^^^^^^^^^^^^^
  File "/root/miniconda3/lib/python3.12/site-packages/sqlalchemy/engine/base.py", line 1846, in _execute_context
    return self._exec_single_context(
           ^^^^^^^^^^^^^^^^^^^^^^^^^^
  File "/root/miniconda3/lib/python3.12/site-packages/sqlalchemy/engine/base.py", line 1986, in _exec_single_context
    self._handle_dbapi_exception(
  File "/root/miniconda3/lib/python3.12/site-packages/sqlalchemy/engine/base.py", line 2363, in _handle_dbapi_exception
    raise sqlalchemy_exception.with_traceback(exc_info[2]) from e
  File "/root/miniconda3/lib/python3.12/site-packages/sqlalchemy/engine/base.py", line 1967, in _exec_single_context
    self.dialect.do_execute(
  File "/root/miniconda3/lib/python3.12/site-packages/sqlalchemy/engine/default.py", line 952, in do_execute
    cursor.execute(statement, parameters)
  File "/root/miniconda3/lib/python3.12/site-packages/pymysql/cursors.py", line 153, in execute
    result = self._query(query)
             ^^^^^^^^^^^^^^^^^^
  File "/root/miniconda3/lib/python3.12/site-packages/pymysql/cursors.py", line 322, in _query
    conn.query(q)
  File "/root/miniconda3/lib/python3.12/site-packages/pymysql/connections.py", line 575, in query
    self._affected_rows = self._read_query_result(unbuffered=unbuffered)
                          ^^^^^^^^^^^^^^^^^^^^^^^^^^^^^^^^^^^^^^^^^^^^^^
  File "/root/miniconda3/lib/python3.12/site-packages/pymysql/connections.py", line 826, in _read_query_result
    result.read()
  File "/root/miniconda3/lib/python3.12/site-packages/pymysql/connections.py", line 1203, in read
    first_packet = self.connection._read_packet()
                   ^^^^^^^^^^^^^^^^^^^^^^^^^^^^^^
  File "/root/miniconda3/lib/python3.12/site-packages/pymysql/connections.py", line 782, in _read_packet
    packet.raise_for_error()
  File "/root/miniconda3/lib/python3.12/site-packages/pymysql/protocol.py", line 219, in raise_for_error
    err.raise_mysql_exception(self._data)
  File "/root/miniconda3/lib/python3.12/site-packages/pymysql/err.py", line 150, in raise_mysql_exception
    raise errorclass(errno, errval)
sqlalchemy.exc.IntegrityError: (pymysql.err.IntegrityError) (1062, "Duplicate entry 'TEST-1-string' for key 'faq_solutions.uq_solution_env_faq_perspective'")
[SQL: INSERT INTO faq_solutions (env, faq_id, perspective, answer_type, content, is_default, sort, creator, modifier, created_at, updated_at) VALUES (%(env)s, %(faq_id)s, %(perspective)s, %(answer_type)s, %(content)s, %(is_default)s, %(sort)s, %(creator)s, %(modifier)s, %(created_at)s, %(updated_at)s)]
[parameters: {'env': 'TEST', 'faq_id': 1, 'perspective': 'string', 'answer_type': 'TEXT', 'content': 'string', 'is_default': 0, 'sort': 0, 'creator': 'string', 'modifier': None, 'created_at': datetime.datetime(2026, 3, 14, 11, 36, 0, 941125), 'updated_at': datetime.datetime(2026, 3, 14, 11, 36, 0, 941131)}]
(Background on this error at: https://sqlalche.me/e/20/gkpj)

2026-03-14 19:36:00 | ERROR    | app.main:global_exception_handler:102 - Unhandled exception: POST /api/v1/admin/faqs/1/solutions | IP: unknown
2026-03-14 20:51:00 | ERROR    | app.middleware.logging:_log_exception:220 - [1773492660726] Request error: POST /api/v1/admin/faqs/1/solutions | IP: 127.0.0.1 | Duration: 6.86ms | Error: IntegrityError: (pymysql.err.IntegrityError) (1062, "Duplicate entry 'TEST-1-string' for key 'faq_solutions.uq_solution_env_faq_perspective'")
[SQL: INSERT INTO faq_solutions (env, faq_id, perspective, answer_type, content, is_default, sort, creator, modifier, created_at, updated_at) VALUES (%(env)s, %(faq_id)s, %(perspective)s, %(answer_type)s, %(content)s, %(is_default)s, %(sort)s, %(creator)s, %(modifier)s, %(created_at)s, %(updated_at)s)]
[parameters: {'env': 'TEST', 'faq_id': 1, 'perspective': 'string', 'answer_type': 'TEXT', 'content': 'string', 'is_default': 0, 'sort': 0, 'creator': 'string', 'modifier': None, 'created_at': datetime.datetime(2026, 3, 14, 12, 51, 0, 731334), 'updated_at': datetime.datetime(2026, 3, 14, 12, 51, 0, 731347)}]
(Background on this error at: https://sqlalche.me/e/20/gkpj)
Traceback:
Traceback (most recent call last):
  File "/root/miniconda3/lib/python3.12/site-packages/sqlalchemy/engine/base.py", line 1967, in _exec_single_context
    self.dialect.do_execute(
  File "/root/miniconda3/lib/python3.12/site-packages/sqlalchemy/engine/default.py", line 952, in do_execute
    cursor.execute(statement, parameters)
  File "/root/miniconda3/lib/python3.12/site-packages/pymysql/cursors.py", line 153, in execute
    result = self._query(query)
             ^^^^^^^^^^^^^^^^^^
  File "/root/miniconda3/lib/python3.12/site-packages/pymysql/cursors.py", line 322, in _query
    conn.query(q)
  File "/root/miniconda3/lib/python3.12/site-packages/pymysql/connections.py", line 575, in query
    self._affected_rows = self._read_query_result(unbuffered=unbuffered)
                          ^^^^^^^^^^^^^^^^^^^^^^^^^^^^^^^^^^^^^^^^^^^^^^
  File "/root/miniconda3/lib/python3.12/site-packages/pymysql/connections.py", line 826, in _read_query_result
    result.read()
  File "/root/miniconda3/lib/python3.12/site-packages/pymysql/connections.py", line 1203, in read
    first_packet = self.connection._read_packet()
                   ^^^^^^^^^^^^^^^^^^^^^^^^^^^^^^
  File "/root/miniconda3/lib/python3.12/site-packages/pymysql/connections.py", line 782, in _read_packet
    packet.raise_for_error()
  File "/root/miniconda3/lib/python3.12/site-packages/pymysql/protocol.py", line 219, in raise_for_error
    err.raise_mysql_exception(self._data)
  File "/root/miniconda3/lib/python3.12/site-packages/pymysql/err.py", line 150, in raise_mysql_exception
    raise errorclass(errno, errval)
pymysql.err.IntegrityError: (1062, "Duplicate entry 'TEST-1-string' for key 'faq_solutions.uq_solution_env_faq_perspective'")

The above exception was the direct cause of the following exception:

Traceback (most recent call last):
  File "/root/03-faq-text-matching/app/middleware/logging.py", line 77, in dispatch
    response = await call_next(request)
               ^^^^^^^^^^^^^^^^^^^^^^^^
  File "/root/miniconda3/lib/python3.12/site-packages/starlette/middleware/base.py", line 168, in call_next
    raise app_exc from app_exc.__cause__ or app_exc.__context__
  File "/root/miniconda3/lib/python3.12/site-packages/starlette/middleware/base.py", line 144, in coro
    await self.app(scope, receive_or_disconnect, send_no_error)
  File "/root/miniconda3/lib/python3.12/site-packages/starlette/middleware/exceptions.py", line 63, in __call__
    await wrap_app_handling_exceptions(self.app, conn)(scope, receive, send)
  File "/root/miniconda3/lib/python3.12/site-packages/starlette/_exception_handler.py", line 53, in wrapped_app
    raise exc
  File "/root/miniconda3/lib/python3.12/site-packages/starlette/_exception_handler.py", line 42, in wrapped_app
    await app(scope, receive, sender)
  File "/root/miniconda3/lib/python3.12/site-packages/fastapi/middleware/asyncexitstack.py", line 18, in __call__
    await self.app(scope, receive, send)
  File "/root/miniconda3/lib/python3.12/site-packages/starlette/routing.py", line 716, in __call__
    await self.middleware_stack(scope, receive, send)
  File "/root/miniconda3/lib/python3.12/site-packages/starlette/routing.py", line 736, in app
    await route.handle(scope, receive, send)
  File "/root/miniconda3/lib/python3.12/site-packages/starlette/routing.py", line 290, in handle
    await self.app(scope, receive, send)
  File "/root/miniconda3/lib/python3.12/site-packages/fastapi/routing.py", line 130, in app
    await wrap_app_handling_exceptions(app, request)(scope, receive, send)
  File "/root/miniconda3/lib/python3.12/site-packages/starlette/_exception_handler.py", line 53, in wrapped_app
    raise exc
  File "/root/miniconda3/lib/python3.12/site-packages/starlette/_exception_handler.py", line 42, in wrapped_app
    await app(scope, receive, sender)
  File "/root/miniconda3/lib/python3.12/site-packages/fastapi/routing.py", line 116, in app
    response = await f(request)
               ^^^^^^^^^^^^^^^^
  File "/root/miniconda3/lib/python3.12/site-packages/fastapi/routing.py", line 670, in app
    raw_response = await run_endpoint_function(
                   ^^^^^^^^^^^^^^^^^^^^^^^^^^^^
  File "/root/miniconda3/lib/python3.12/site-packages/fastapi/routing.py", line 326, in run_endpoint_function
    return await run_in_threadpool(dependant.call, **values)
           ^^^^^^^^^^^^^^^^^^^^^^^^^^^^^^^^^^^^^^^^^^^^^^^^^
  File "/root/miniconda3/lib/python3.12/site-packages/starlette/concurrency.py", line 32, in run_in_threadpool
    return await anyio.to_thread.run_sync(func)
           ^^^^^^^^^^^^^^^^^^^^^^^^^^^^^^^^^^^^
  File "/root/miniconda3/lib/python3.12/site-packages/anyio/to_thread.py", line 56, in run_sync
    return await get_async_backend().run_sync_in_worker_thread(
           ^^^^^^^^^^^^^^^^^^^^^^^^^^^^^^^^^^^^^^^^^^^^^^^^^^^^
  File "/root/miniconda3/lib/python3.12/site-packages/anyio/_backends/_asyncio.py", line 2470, in run_sync_in_worker_thread
    return await future
           ^^^^^^^^^^^^
  File "/root/miniconda3/lib/python3.12/site-packages/anyio/_backends/_asyncio.py", line 967, in run
    result = context.run(func, *args)
             ^^^^^^^^^^^^^^^^^^^^^^^^
  File "/root/03-faq-text-matching/app/routers/faqs.py", line 270, in create_solution
    db.flush()
  File "/root/miniconda3/lib/python3.12/site-packages/sqlalchemy/orm/session.py", line 4331, in flush
    self._flush(objects)
  File "/root/miniconda3/lib/python3.12/site-packages/sqlalchemy/orm/session.py", line 4466, in _flush
    with util.safe_reraise():
  File "/root/miniconda3/lib/python3.12/site-packages/sqlalchemy/util/langhelpers.py", line 121, in __exit__
    raise exc_value.with_traceback(exc_tb)
  File "/root/miniconda3/lib/python3.12/site-packages/sqlalchemy/orm/session.py", line 4427, in _flush
    flush_context.execute()
  File "/root/miniconda3/lib/python3.12/site-packages/sqlalchemy/orm/unitofwork.py", line 466, in execute
    rec.execute(self)
  File "/root/miniconda3/lib/python3.12/site-packages/sqlalchemy/orm/unitofwork.py", line 642, in execute
    util.preloaded.orm_persistence.save_obj(
  File "/root/miniconda3/lib/python3.12/site-packages/sqlalchemy/orm/persistence.py", line 93, in save_obj
    _emit_insert_statements(
  File "/root/miniconda3/lib/python3.12/site-packages/sqlalchemy/orm/persistence.py", line 1233, in _emit_insert_statements
    result = connection.execute(
             ^^^^^^^^^^^^^^^^^^^
  File "/root/miniconda3/lib/python3.12/site-packages/sqlalchemy/engine/base.py", line 1419, in execute
    return meth(
           ^^^^^
  File "/root/miniconda3/lib/python3.12/site-packages/sqlalchemy/sql/elements.py", line 527, in _execute_on_connection
    return connection._execute_clauseelement(
           ^^^^^^^^^^^^^^^^^^^^^^^^^^^^^^^^^^
  File "/root/miniconda3/lib/python3.12/site-packages/sqlalchemy/engine/base.py", line 1641, in _execute_clauseelement
    ret = self._execute_context(
          ^^^^^^^^^^^^^^^^^^^^^^
  File "/root/miniconda3/lib/python3.12/site-packages/sqlalchemy/engine/base.py", line 1846, in _execute_context
    return self._exec_single_context(
           ^^^^^^^^^^^^^^^^^^^^^^^^^^
  File "/root/miniconda3/lib/python3.12/site-packages/sqlalchemy/engine/base.py", line 1986, in _exec_single_context
    self._handle_dbapi_exception(
  File "/root/miniconda3/lib/python3.12/site-packages/sqlalchemy/engine/base.py", line 2363, in _handle_dbapi_exception
    raise sqlalchemy_exception.with_traceback(exc_info[2]) from e
  File "/root/miniconda3/lib/python3.12/site-packages/sqlalchemy/engine/base.py", line 1967, in _exec_single_context
    self.dialect.do_execute(
  File "/root/miniconda3/lib/python3.12/site-packages/sqlalchemy/engine/default.py", line 952, in do_execute
    cursor.execute(statement, parameters)
  File "/root/miniconda3/lib/python3.12/site-packages/pymysql/cursors.py", line 153, in execute
    result = self._query(query)
             ^^^^^^^^^^^^^^^^^^
  File "/root/miniconda3/lib/python3.12/site-packages/pymysql/cursors.py", line 322, in _query
    conn.query(q)
  File "/root/miniconda3/lib/python3.12/site-packages/pymysql/connections.py", line 575, in query
    self._affected_rows = self._read_query_result(unbuffered=unbuffered)
                          ^^^^^^^^^^^^^^^^^^^^^^^^^^^^^^^^^^^^^^^^^^^^^^
  File "/root/miniconda3/lib/python3.12/site-packages/pymysql/connections.py", line 826, in _read_query_result
    result.read()
  File "/root/miniconda3/lib/python3.12/site-packages/pymysql/connections.py", line 1203, in read
    first_packet = self.connection._read_packet()
                   ^^^^^^^^^^^^^^^^^^^^^^^^^^^^^^
  File "/root/miniconda3/lib/python3.12/site-packages/pymysql/connections.py", line 782, in _read_packet
    packet.raise_for_error()
  File "/root/miniconda3/lib/python3.12/site-packages/pymysql/protocol.py", line 219, in raise_for_error
    err.raise_mysql_exception(self._data)
  File "/root/miniconda3/lib/python3.12/site-packages/pymysql/err.py", line 150, in raise_mysql_exception
    raise errorclass(errno, errval)
sqlalchemy.exc.IntegrityError: (pymysql.err.IntegrityError) (1062, "Duplicate entry 'TEST-1-string' for key 'faq_solutions.uq_solution_env_faq_perspective'")
[SQL: INSERT INTO faq_solutions (env, faq_id, perspective, answer_type, content, is_default, sort, creator, modifier, created_at, updated_at) VALUES (%(env)s, %(faq_id)s, %(perspective)s, %(answer_type)s, %(content)s, %(is_default)s, %(sort)s, %(creator)s, %(modifier)s, %(created_at)s, %(updated_at)s)]
[parameters: {'env': 'TEST', 'faq_id': 1, 'perspective': 'string', 'answer_type': 'TEXT', 'content': 'string', 'is_default': 0, 'sort': 0, 'creator': 'string', 'modifier': None, 'created_at': datetime.datetime(2026, 3, 14, 12, 51, 0, 731334), 'updated_at': datetime.datetime(2026, 3, 14, 12, 51, 0, 731347)}]
(Background on this error at: https://sqlalche.me/e/20/gkpj)

2026-03-14 20:51:00 | ERROR    | app.main:global_exception_handler:102 - Unhandled exception: POST /api/v1/admin/faqs/1/solutions | IP: unknown
2026-03-14 22:45:22 | ERROR    | app.middleware.logging:_log_exception:213 - [1773499522598] Request error: POST /api/v1/admin/categories | IP: 127.0.0.1 | Duration: 8.96ms | Error: InvalidRequestError: Mapper 'Mapper[FAQ(faqs)]' has no property 'category'.  If this property was indicated from other mappers or configure events, ensure registry.configure() has been called.
Traceback:
Traceback (most recent call last):
  File "/root/miniconda3/lib/python3.12/site-packages/sqlalchemy/orm/mapper.py", line 2531, in get_property
    return self._props[key]
           ~~~~~~~~~~~^^^^^
KeyError: 'category'

The above exception was the direct cause of the following exception:

Traceback (most recent call last):
  File "/root/03-faq-text-matching/app/middleware/logging.py", line 68, in dispatch
    response = await call_next(request)
               ^^^^^^^^^^^^^^^^^^^^^^^^
  File "/root/miniconda3/lib/python3.12/site-packages/starlette/middleware/base.py", line 168, in call_next
    raise app_exc from app_exc.__cause__ or app_exc.__context__
  File "/root/miniconda3/lib/python3.12/site-packages/starlette/middleware/base.py", line 144, in coro
    await self.app(scope, receive_or_disconnect, send_no_error)
  File "/root/miniconda3/lib/python3.12/site-packages/starlette/middleware/exceptions.py", line 63, in __call__
    await wrap_app_handling_exceptions(self.app, conn)(scope, receive, send)
  File "/root/miniconda3/lib/python3.12/site-packages/starlette/_exception_handler.py", line 53, in wrapped_app
    raise exc
  File "/root/miniconda3/lib/python3.12/site-packages/starlette/_exception_handler.py", line 42, in wrapped_app
    await app(scope, receive, sender)
  File "/root/miniconda3/lib/python3.12/site-packages/fastapi/middleware/asyncexitstack.py", line 18, in __call__
    await self.app(scope, receive, send)
  File "/root/miniconda3/lib/python3.12/site-packages/starlette/routing.py", line 716, in __call__
    await self.middleware_stack(scope, receive, send)
  File "/root/miniconda3/lib/python3.12/site-packages/starlette/routing.py", line 736, in app
    await route.handle(scope, receive, send)
  File "/root/miniconda3/lib/python3.12/site-packages/starlette/routing.py", line 290, in handle
    await self.app(scope, receive, send)
  File "/root/miniconda3/lib/python3.12/site-packages/fastapi/routing.py", line 130, in app
    await wrap_app_handling_exceptions(app, request)(scope, receive, send)
  File "/root/miniconda3/lib/python3.12/site-packages/starlette/_exception_handler.py", line 53, in wrapped_app
    raise exc
  File "/root/miniconda3/lib/python3.12/site-packages/starlette/_exception_handler.py", line 42, in wrapped_app
    await app(scope, receive, sender)
  File "/root/miniconda3/lib/python3.12/site-packages/fastapi/routing.py", line 116, in app
    response = await f(request)
               ^^^^^^^^^^^^^^^^
  File "/root/miniconda3/lib/python3.12/site-packages/fastapi/routing.py", line 670, in app
    raw_response = await run_endpoint_function(
                   ^^^^^^^^^^^^^^^^^^^^^^^^^^^^
  File "/root/miniconda3/lib/python3.12/site-packages/fastapi/routing.py", line 326, in run_endpoint_function
    return await run_in_threadpool(dependant.call, **values)
           ^^^^^^^^^^^^^^^^^^^^^^^^^^^^^^^^^^^^^^^^^^^^^^^^^
  File "/root/miniconda3/lib/python3.12/site-packages/starlette/concurrency.py", line 32, in run_in_threadpool
    return await anyio.to_thread.run_sync(func)
           ^^^^^^^^^^^^^^^^^^^^^^^^^^^^^^^^^^^^
  File "/root/miniconda3/lib/python3.12/site-packages/anyio/to_thread.py", line 56, in run_sync
    return await get_async_backend().run_sync_in_worker_thread(
           ^^^^^^^^^^^^^^^^^^^^^^^^^^^^^^^^^^^^^^^^^^^^^^^^^^^^
  File "/root/miniconda3/lib/python3.12/site-packages/anyio/_backends/_asyncio.py", line 2470, in run_sync_in_worker_thread
    return await future
           ^^^^^^^^^^^^
  File "/root/miniconda3/lib/python3.12/site-packages/anyio/_backends/_asyncio.py", line 967, in run
    result = context.run(func, *args)
             ^^^^^^^^^^^^^^^^^^^^^^^^
  File "/root/03-faq-text-matching/app/routers/categories.py", line 40, in create_category
    category = Category(
               ^^^^^^^^^
  File "<string>", line 4, in __init__
  File "/root/miniconda3/lib/python3.12/site-packages/sqlalchemy/orm/state.py", line 591, in _initialize_instance
    manager.dispatch.init(self, args, kwargs)
  File "/root/miniconda3/lib/python3.12/site-packages/sqlalchemy/event/attr.py", line 515, in __call__
    fn(*args, **kw)
  File "/root/miniconda3/lib/python3.12/site-packages/sqlalchemy/orm/mapper.py", line 4419, in _event_on_init
    instrumenting_mapper._check_configure()
  File "/root/miniconda3/lib/python3.12/site-packages/sqlalchemy/orm/mapper.py", line 2410, in _check_configure
    _configure_registries({self.registry}, cascade=True)
  File "/root/miniconda3/lib/python3.12/site-packages/sqlalchemy/orm/mapper.py", line 4227, in _configure_registries
    _do_configure_registries(registries, cascade)
  File "/root/miniconda3/lib/python3.12/site-packages/sqlalchemy/orm/mapper.py", line 4268, in _do_configure_registries
    mapper._post_configure_properties()
  File "/root/miniconda3/lib/python3.12/site-packages/sqlalchemy/orm/mapper.py", line 2427, in _post_configure_properties
    prop.init()
  File "/root/miniconda3/lib/python3.12/site-packages/sqlalchemy/orm/interfaces.py", line 595, in init
    self.do_init()
  File "/root/miniconda3/lib/python3.12/site-packages/sqlalchemy/orm/relationships.py", line 1660, in do_init
    self._generate_backref()
  File "/root/miniconda3/lib/python3.12/site-packages/sqlalchemy/orm/relationships.py", line 2144, in _generate_backref
    self._add_reverse_property(self.back_populates)
  File "/root/miniconda3/lib/python3.12/site-packages/sqlalchemy/orm/relationships.py", line 1591, in _add_reverse_property
    other = self.mapper.get_property(key, _configure_mappers=False)
            ^^^^^^^^^^^^^^^^^^^^^^^^^^^^^^^^^^^^^^^^^^^^^^^^^^^^^^^
  File "/root/miniconda3/lib/python3.12/site-packages/sqlalchemy/orm/mapper.py", line 2533, in get_property
    raise sa_exc.InvalidRequestError(
sqlalchemy.exc.InvalidRequestError: Mapper 'Mapper[FAQ(faqs)]' has no property 'category'.  If this property was indicated from other mappers or configure events, ensure registry.configure() has been called.

2026-03-14 22:45:22 | ERROR    | app.main:global_exception_handler:102 - Unhandled exception: POST /api/v1/admin/categories | IP: unknown
2026-03-14 22:48:22 | ERROR    | app.middleware.logging:_log_exception:213 - [1773499702031] Request error: POST /api/v1/admin/categories | IP: 127.0.0.1 | Duration: 5.30ms | Error: IntegrityError: (pymysql.err.IntegrityError) (1452, 'Cannot add or update a child row: a foreign key constraint fails (`faq_db`.`categories`, CONSTRAINT `categories_ibfk_1` FOREIGN KEY (`parent_id`) REFERENCES `categories` (`id`) ON DELETE RESTRICT)')
[SQL: INSERT INTO categories (env, name, parent_id, level, original_id, creator, modifier, created_at, updated_at) VALUES (%(env)s, %(name)s, %(parent_id)s, %(level)s, %(original_id)s, %(creator)s, %(modifier)s, %(created_at)s, %(updated_at)s)]
[parameters: {'env': 'TEST', 'name': '子目录1', 'parent_id': 0, 'level': 2, 'original_id': None, 'creator': 'string', 'modifier': None, 'created_at': datetime.datetime(2026, 3, 14, 14, 48, 22, 34324), 'updated_at': datetime.datetime(2026, 3, 14, 14, 48, 22, 34337)}]
(Background on this error at: https://sqlalche.me/e/20/gkpj)
Traceback:
Traceback (most recent call last):
  File "/root/miniconda3/lib/python3.12/site-packages/sqlalchemy/engine/base.py", line 1967, in _exec_single_context
    self.dialect.do_execute(
  File "/root/miniconda3/lib/python3.12/site-packages/sqlalchemy/engine/default.py", line 952, in do_execute
    cursor.execute(statement, parameters)
  File "/root/miniconda3/lib/python3.12/site-packages/pymysql/cursors.py", line 153, in execute
    result = self._query(query)
             ^^^^^^^^^^^^^^^^^^
  File "/root/miniconda3/lib/python3.12/site-packages/pymysql/cursors.py", line 322, in _query
    conn.query(q)
  File "/root/miniconda3/lib/python3.12/site-packages/pymysql/connections.py", line 575, in query
    self._affected_rows = self._read_query_result(unbuffered=unbuffered)
                          ^^^^^^^^^^^^^^^^^^^^^^^^^^^^^^^^^^^^^^^^^^^^^^
  File "/root/miniconda3/lib/python3.12/site-packages/pymysql/connections.py", line 826, in _read_query_result
    result.read()
  File "/root/miniconda3/lib/python3.12/site-packages/pymysql/connections.py", line 1203, in read
    first_packet = self.connection._read_packet()
                   ^^^^^^^^^^^^^^^^^^^^^^^^^^^^^^
  File "/root/miniconda3/lib/python3.12/site-packages/pymysql/connections.py", line 782, in _read_packet
    packet.raise_for_error()
  File "/root/miniconda3/lib/python3.12/site-packages/pymysql/protocol.py", line 219, in raise_for_error
    err.raise_mysql_exception(self._data)
  File "/root/miniconda3/lib/python3.12/site-packages/pymysql/err.py", line 150, in raise_mysql_exception
    raise errorclass(errno, errval)
pymysql.err.IntegrityError: (1452, 'Cannot add or update a child row: a foreign key constraint fails (`faq_db`.`categories`, CONSTRAINT `categories_ibfk_1` FOREIGN KEY (`parent_id`) REFERENCES `categories` (`id`) ON DELETE RESTRICT)')

The above exception was the direct cause of the following exception:

Traceback (most recent call last):
  File "/root/03-faq-text-matching/app/middleware/logging.py", line 68, in dispatch
    response = await call_next(request)
               ^^^^^^^^^^^^^^^^^^^^^^^^
  File "/root/miniconda3/lib/python3.12/site-packages/starlette/middleware/base.py", line 168, in call_next
    raise app_exc from app_exc.__cause__ or app_exc.__context__
  File "/root/miniconda3/lib/python3.12/site-packages/starlette/middleware/base.py", line 144, in coro
    await self.app(scope, receive_or_disconnect, send_no_error)
  File "/root/miniconda3/lib/python3.12/site-packages/starlette/middleware/exceptions.py", line 63, in __call__
    await wrap_app_handling_exceptions(self.app, conn)(scope, receive, send)
  File "/root/miniconda3/lib/python3.12/site-packages/starlette/_exception_handler.py", line 53, in wrapped_app
    raise exc
  File "/root/miniconda3/lib/python3.12/site-packages/starlette/_exception_handler.py", line 42, in wrapped_app
    await app(scope, receive, sender)
  File "/root/miniconda3/lib/python3.12/site-packages/fastapi/middleware/asyncexitstack.py", line 18, in __call__
    await self.app(scope, receive, send)
  File "/root/miniconda3/lib/python3.12/site-packages/starlette/routing.py", line 716, in __call__
    await self.middleware_stack(scope, receive, send)
  File "/root/miniconda3/lib/python3.12/site-packages/starlette/routing.py", line 736, in app
    await route.handle(scope, receive, send)
  File "/root/miniconda3/lib/python3.12/site-packages/starlette/routing.py", line 290, in handle
    await self.app(scope, receive, send)
  File "/root/miniconda3/lib/python3.12/site-packages/fastapi/routing.py", line 130, in app
    await wrap_app_handling_exceptions(app, request)(scope, receive, send)
  File "/root/miniconda3/lib/python3.12/site-packages/starlette/_exception_handler.py", line 53, in wrapped_app
    raise exc
  File "/root/miniconda3/lib/python3.12/site-packages/starlette/_exception_handler.py", line 42, in wrapped_app
    await app(scope, receive, sender)
  File "/root/miniconda3/lib/python3.12/site-packages/fastapi/routing.py", line 116, in app
    response = await f(request)
               ^^^^^^^^^^^^^^^^
  File "/root/miniconda3/lib/python3.12/site-packages/fastapi/routing.py", line 670, in app
    raw_response = await run_endpoint_function(
                   ^^^^^^^^^^^^^^^^^^^^^^^^^^^^
  File "/root/miniconda3/lib/python3.12/site-packages/fastapi/routing.py", line 326, in run_endpoint_function
    return await run_in_threadpool(dependant.call, **values)
           ^^^^^^^^^^^^^^^^^^^^^^^^^^^^^^^^^^^^^^^^^^^^^^^^^
  File "/root/miniconda3/lib/python3.12/site-packages/starlette/concurrency.py", line 32, in run_in_threadpool
    return await anyio.to_thread.run_sync(func)
           ^^^^^^^^^^^^^^^^^^^^^^^^^^^^^^^^^^^^
  File "/root/miniconda3/lib/python3.12/site-packages/anyio/to_thread.py", line 56, in run_sync
    return await get_async_backend().run_sync_in_worker_thread(
           ^^^^^^^^^^^^^^^^^^^^^^^^^^^^^^^^^^^^^^^^^^^^^^^^^^^^
  File "/root/miniconda3/lib/python3.12/site-packages/anyio/_backends/_asyncio.py", line 2470, in run_sync_in_worker_thread
    return await future
           ^^^^^^^^^^^^
  File "/root/miniconda3/lib/python3.12/site-packages/anyio/_backends/_asyncio.py", line 967, in run
    result = context.run(func, *args)
             ^^^^^^^^^^^^^^^^^^^^^^^^
  File "/root/03-faq-text-matching/app/routers/categories.py", line 48, in create_category
    db.flush()
  File "/root/miniconda3/lib/python3.12/site-packages/sqlalchemy/orm/session.py", line 4331, in flush
    self._flush(objects)
  File "/root/miniconda3/lib/python3.12/site-packages/sqlalchemy/orm/session.py", line 4466, in _flush
    with util.safe_reraise():
  File "/root/miniconda3/lib/python3.12/site-packages/sqlalchemy/util/langhelpers.py", line 121, in __exit__
    raise exc_value.with_traceback(exc_tb)
  File "/root/miniconda3/lib/python3.12/site-packages/sqlalchemy/orm/session.py", line 4427, in _flush
    flush_context.execute()
  File "/root/miniconda3/lib/python3.12/site-packages/sqlalchemy/orm/unitofwork.py", line 466, in execute
    rec.execute(self)
  File "/root/miniconda3/lib/python3.12/site-packages/sqlalchemy/orm/unitofwork.py", line 642, in execute
    util.preloaded.orm_persistence.save_obj(
  File "/root/miniconda3/lib/python3.12/site-packages/sqlalchemy/orm/persistence.py", line 93, in save_obj
    _emit_insert_statements(
  File "/root/miniconda3/lib/python3.12/site-packages/sqlalchemy/orm/persistence.py", line 1233, in _emit_insert_statements
    result = connection.execute(
             ^^^^^^^^^^^^^^^^^^^
  File "/root/miniconda3/lib/python3.12/site-packages/sqlalchemy/engine/base.py", line 1419, in execute
    return meth(
           ^^^^^
  File "/root/miniconda3/lib/python3.12/site-packages/sqlalchemy/sql/elements.py", line 527, in _execute_on_connection
    return connection._execute_clauseelement(
           ^^^^^^^^^^^^^^^^^^^^^^^^^^^^^^^^^^
  File "/root/miniconda3/lib/python3.12/site-packages/sqlalchemy/engine/base.py", line 1641, in _execute_clauseelement
    ret = self._execute_context(
          ^^^^^^^^^^^^^^^^^^^^^^
  File "/root/miniconda3/lib/python3.12/site-packages/sqlalchemy/engine/base.py", line 1846, in _execute_context
    return self._exec_single_context(
           ^^^^^^^^^^^^^^^^^^^^^^^^^^
  File "/root/miniconda3/lib/python3.12/site-packages/sqlalchemy/engine/base.py", line 1986, in _exec_single_context
    self._handle_dbapi_exception(
  File "/root/miniconda3/lib/python3.12/site-packages/sqlalchemy/engine/base.py", line 2363, in _handle_dbapi_exception
    raise sqlalchemy_exception.with_traceback(exc_info[2]) from e
  File "/root/miniconda3/lib/python3.12/site-packages/sqlalchemy/engine/base.py", line 1967, in _exec_single_context
    self.dialect.do_execute(
  File "/root/miniconda3/lib/python3.12/site-packages/sqlalchemy/engine/default.py", line 952, in do_execute
    cursor.execute(statement, parameters)
  File "/root/miniconda3/lib/python3.12/site-packages/pymysql/cursors.py", line 153, in execute
    result = self._query(query)
             ^^^^^^^^^^^^^^^^^^
  File "/root/miniconda3/lib/python3.12/site-packages/pymysql/cursors.py", line 322, in _query
    conn.query(q)
  File "/root/miniconda3/lib/python3.12/site-packages/pymysql/connections.py", line 575, in query
    self._affected_rows = self._read_query_result(unbuffered=unbuffered)
                          ^^^^^^^^^^^^^^^^^^^^^^^^^^^^^^^^^^^^^^^^^^^^^^
  File "/root/miniconda3/lib/python3.12/site-packages/pymysql/connections.py", line 826, in _read_query_result
    result.read()
  File "/root/miniconda3/lib/python3.12/site-packages/pymysql/connections.py", line 1203, in read
    first_packet = self.connection._read_packet()
                   ^^^^^^^^^^^^^^^^^^^^^^^^^^^^^^
  File "/root/miniconda3/lib/python3.12/site-packages/pymysql/connections.py", line 782, in _read_packet
    packet.raise_for_error()
  File "/root/miniconda3/lib/python3.12/site-packages/pymysql/protocol.py", line 219, in raise_for_error
    err.raise_mysql_exception(self._data)
  File "/root/miniconda3/lib/python3.12/site-packages/pymysql/err.py", line 150, in raise_mysql_exception
    raise errorclass(errno, errval)
sqlalchemy.exc.IntegrityError: (pymysql.err.IntegrityError) (1452, 'Cannot add or update a child row: a foreign key constraint fails (`faq_db`.`categories`, CONSTRAINT `categories_ibfk_1` FOREIGN KEY (`parent_id`) REFERENCES `categories` (`id`) ON DELETE RESTRICT)')
[SQL: INSERT INTO categories (env, name, parent_id, level, original_id, creator, modifier, created_at, updated_at) VALUES (%(env)s, %(name)s, %(parent_id)s, %(level)s, %(original_id)s, %(creator)s, %(modifier)s, %(created_at)s, %(updated_at)s)]
[parameters: {'env': 'TEST', 'name': '子目录1', 'parent_id': 0, 'level': 2, 'original_id': None, 'creator': 'string', 'modifier': None, 'created_at': datetime.datetime(2026, 3, 14, 14, 48, 22, 34324), 'updated_at': datetime.datetime(2026, 3, 14, 14, 48, 22, 34337)}]
(Background on this error at: https://sqlalche.me/e/20/gkpj)

2026-03-14 22:48:22 | ERROR    | app.main:global_exception_handler:102 - Unhandled exception: POST /api/v1/admin/categories | IP: unknown
2026-03-14 23:03:54 | ERROR    | app.middleware.logging:_log_exception:213 - [1773500634024] Request error: POST /api/v1/admin/faqs | IP: 127.0.0.1 | Duration: 2.80ms | Error: NameError: name 'category' is not defined
Traceback:
Traceback (most recent call last):
  File "/root/03-faq-text-matching/app/middleware/logging.py", line 68, in dispatch
    response = await call_next(request)
               ^^^^^^^^^^^^^^^^^^^^^^^^
  File "/root/miniconda3/lib/python3.12/site-packages/starlette/middleware/base.py", line 168, in call_next
    raise app_exc from app_exc.__cause__ or app_exc.__context__
  File "/root/miniconda3/lib/python3.12/site-packages/starlette/middleware/base.py", line 144, in coro
    await self.app(scope, receive_or_disconnect, send_no_error)
  File "/root/miniconda3/lib/python3.12/site-packages/starlette/middleware/exceptions.py", line 63, in __call__
    await wrap_app_handling_exceptions(self.app, conn)(scope, receive, send)
  File "/root/miniconda3/lib/python3.12/site-packages/starlette/_exception_handler.py", line 53, in wrapped_app
    raise exc
  File "/root/miniconda3/lib/python3.12/site-packages/starlette/_exception_handler.py", line 42, in wrapped_app
    await app(scope, receive, sender)
  File "/root/miniconda3/lib/python3.12/site-packages/fastapi/middleware/asyncexitstack.py", line 18, in __call__
    await self.app(scope, receive, send)
  File "/root/miniconda3/lib/python3.12/site-packages/starlette/routing.py", line 716, in __call__
    await self.middleware_stack(scope, receive, send)
  File "/root/miniconda3/lib/python3.12/site-packages/starlette/routing.py", line 736, in app
    await route.handle(scope, receive, send)
  File "/root/miniconda3/lib/python3.12/site-packages/starlette/routing.py", line 290, in handle
    await self.app(scope, receive, send)
  File "/root/miniconda3/lib/python3.12/site-packages/fastapi/routing.py", line 130, in app
    await wrap_app_handling_exceptions(app, request)(scope, receive, send)
  File "/root/miniconda3/lib/python3.12/site-packages/starlette/_exception_handler.py", line 53, in wrapped_app
    raise exc
  File "/root/miniconda3/lib/python3.12/site-packages/starlette/_exception_handler.py", line 42, in wrapped_app
    await app(scope, receive, sender)
  File "/root/miniconda3/lib/python3.12/site-packages/fastapi/routing.py", line 116, in app
    response = await f(request)
               ^^^^^^^^^^^^^^^^
  File "/root/miniconda3/lib/python3.12/site-packages/fastapi/routing.py", line 670, in app
    raw_response = await run_endpoint_function(
                   ^^^^^^^^^^^^^^^^^^^^^^^^^^^^
  File "/root/miniconda3/lib/python3.12/site-packages/fastapi/routing.py", line 326, in run_endpoint_function
    return await run_in_threadpool(dependant.call, **values)
           ^^^^^^^^^^^^^^^^^^^^^^^^^^^^^^^^^^^^^^^^^^^^^^^^^
  File "/root/miniconda3/lib/python3.12/site-packages/starlette/concurrency.py", line 32, in run_in_threadpool
    return await anyio.to_thread.run_sync(func)
           ^^^^^^^^^^^^^^^^^^^^^^^^^^^^^^^^^^^^
  File "/root/miniconda3/lib/python3.12/site-packages/anyio/to_thread.py", line 56, in run_sync
    return await get_async_backend().run_sync_in_worker_thread(
           ^^^^^^^^^^^^^^^^^^^^^^^^^^^^^^^^^^^^^^^^^^^^^^^^^^^^
  File "/root/miniconda3/lib/python3.12/site-packages/anyio/_backends/_asyncio.py", line 2470, in run_sync_in_worker_thread
    return await future
           ^^^^^^^^^^^^
  File "/root/miniconda3/lib/python3.12/site-packages/anyio/_backends/_asyncio.py", line 967, in run
    result = context.run(func, *args)
             ^^^^^^^^^^^^^^^^^^^^^^^^
  File "/root/03-faq-text-matching/app/routers/faqs.py", line 35, in create_faq
    if category.env != data.env.value:
       ^^^^^^^^
NameError: name 'category' is not defined. Did you mean: 'Category'?

2026-03-14 23:03:54 | ERROR    | app.main:global_exception_handler:102 - Unhandled exception: POST /api/v1/admin/faqs | IP: unknown
2026-03-14 23:05:40 | ERROR    | app.main:global_exception_handler:102 - Unhandled exception: POST /api/v1/admin/faqs | IP: unknown
2026-03-14 23:11:37 | ERROR    | app.middleware.logging:_log_exception:213 - [1773501097866] Request error: POST /api/v1/admin/faqs | IP: 127.0.0.1 | Duration: 7.66ms | Error: NameError: name 'datetime' is not defined
Traceback:
Traceback (most recent call last):
  File "/root/03-faq-text-matching/app/middleware/logging.py", line 68, in dispatch
    response = await call_next(request)
               ^^^^^^^^^^^^^^^^^^^^^^^^
  File "/root/miniconda3/lib/python3.12/site-packages/starlette/middleware/base.py", line 168, in call_next
    raise app_exc from app_exc.__cause__ or app_exc.__context__
  File "/root/miniconda3/lib/python3.12/site-packages/starlette/middleware/base.py", line 144, in coro
    await self.app(scope, receive_or_disconnect, send_no_error)
  File "/root/miniconda3/lib/python3.12/site-packages/starlette/middleware/exceptions.py", line 63, in __call__
    await wrap_app_handling_exceptions(self.app, conn)(scope, receive, send)
  File "/root/miniconda3/lib/python3.12/site-packages/starlette/_exception_handler.py", line 53, in wrapped_app
    raise exc
  File "/root/miniconda3/lib/python3.12/site-packages/starlette/_exception_handler.py", line 42, in wrapped_app
    await app(scope, receive, sender)
  File "/root/miniconda3/lib/python3.12/site-packages/fastapi/middleware/asyncexitstack.py", line 18, in __call__
    await self.app(scope, receive, send)
  File "/root/miniconda3/lib/python3.12/site-packages/starlette/routing.py", line 716, in __call__
    await self.middleware_stack(scope, receive, send)
  File "/root/miniconda3/lib/python3.12/site-packages/starlette/routing.py", line 736, in app
    await route.handle(scope, receive, send)
  File "/root/miniconda3/lib/python3.12/site-packages/starlette/routing.py", line 290, in handle
    await self.app(scope, receive, send)
  File "/root/miniconda3/lib/python3.12/site-packages/fastapi/routing.py", line 130, in app
    await wrap_app_handling_exceptions(app, request)(scope, receive, send)
  File "/root/miniconda3/lib/python3.12/site-packages/starlette/_exception_handler.py", line 53, in wrapped_app
    raise exc
  File "/root/miniconda3/lib/python3.12/site-packages/starlette/_exception_handler.py", line 42, in wrapped_app
    await app(scope, receive, sender)
  File "/root/miniconda3/lib/python3.12/site-packages/fastapi/routing.py", line 116, in app
    response = await f(request)
               ^^^^^^^^^^^^^^^^
  File "/root/miniconda3/lib/python3.12/site-packages/fastapi/routing.py", line 670, in app
    raw_response = await run_endpoint_function(
                   ^^^^^^^^^^^^^^^^^^^^^^^^^^^^
  File "/root/miniconda3/lib/python3.12/site-packages/fastapi/routing.py", line 326, in run_endpoint_function
    return await run_in_threadpool(dependant.call, **values)
           ^^^^^^^^^^^^^^^^^^^^^^^^^^^^^^^^^^^^^^^^^^^^^^^^^
  File "/root/miniconda3/lib/python3.12/site-packages/starlette/concurrency.py", line 32, in run_in_threadpool
    return await anyio.to_thread.run_sync(func)
           ^^^^^^^^^^^^^^^^^^^^^^^^^^^^^^^^^^^^
  File "/root/miniconda3/lib/python3.12/site-packages/anyio/to_thread.py", line 56, in run_sync
    return await get_async_backend().run_sync_in_worker_thread(
           ^^^^^^^^^^^^^^^^^^^^^^^^^^^^^^^^^^^^^^^^^^^^^^^^^^^^
  File "/root/miniconda3/lib/python3.12/site-packages/anyio/_backends/_asyncio.py", line 2470, in run_sync_in_worker_thread
    return await future
           ^^^^^^^^^^^^
  File "/root/miniconda3/lib/python3.12/site-packages/anyio/_backends/_asyncio.py", line 967, in run
    result = context.run(func, *args)
             ^^^^^^^^^^^^^^^^^^^^^^^^
  File "/root/03-faq-text-matching/app/routers/faqs.py", line 48, in create_faq
    updated_at=datetime.now(),
               ^^^^^^^^
NameError: name 'datetime' is not defined. Did you forget to import 'datetime'

2026-03-14 23:11:37 | ERROR    | app.main:global_exception_handler:102 - Unhandled exception: POST /api/v1/admin/faqs | IP: unknown
2026-03-14 23:11:58 | ERROR    | app.middleware.logging:_log_exception:213 - [1773501118369] Request error: POST /api/v1/admin/faqs | IP: 127.0.0.1 | Duration: 118.88ms | Error: AttributeError: type object 'FAQ' has no attribute 'model_validate'
Traceback:
Traceback (most recent call last):
  File "/root/03-faq-text-matching/app/middleware/logging.py", line 68, in dispatch
    response = await call_next(request)
               ^^^^^^^^^^^^^^^^^^^^^^^^
  File "/root/miniconda3/lib/python3.12/site-packages/starlette/middleware/base.py", line 168, in call_next
    raise app_exc from app_exc.__cause__ or app_exc.__context__
  File "/root/miniconda3/lib/python3.12/site-packages/starlette/middleware/base.py", line 144, in coro
    await self.app(scope, receive_or_disconnect, send_no_error)
  File "/root/miniconda3/lib/python3.12/site-packages/starlette/middleware/exceptions.py", line 63, in __call__
    await wrap_app_handling_exceptions(self.app, conn)(scope, receive, send)
  File "/root/miniconda3/lib/python3.12/site-packages/starlette/_exception_handler.py", line 53, in wrapped_app
    raise exc
  File "/root/miniconda3/lib/python3.12/site-packages/starlette/_exception_handler.py", line 42, in wrapped_app
    await app(scope, receive, sender)
  File "/root/miniconda3/lib/python3.12/site-packages/fastapi/middleware/asyncexitstack.py", line 18, in __call__
    await self.app(scope, receive, send)
  File "/root/miniconda3/lib/python3.12/site-packages/starlette/routing.py", line 716, in __call__
    await self.middleware_stack(scope, receive, send)
  File "/root/miniconda3/lib/python3.12/site-packages/starlette/routing.py", line 736, in app
    await route.handle(scope, receive, send)
  File "/root/miniconda3/lib/python3.12/site-packages/starlette/routing.py", line 290, in handle
    await self.app(scope, receive, send)
  File "/root/miniconda3/lib/python3.12/site-packages/fastapi/routing.py", line 130, in app
    await wrap_app_handling_exceptions(app, request)(scope, receive, send)
  File "/root/miniconda3/lib/python3.12/site-packages/starlette/_exception_handler.py", line 53, in wrapped_app
    raise exc
  File "/root/miniconda3/lib/python3.12/site-packages/starlette/_exception_handler.py", line 42, in wrapped_app
    await app(scope, receive, sender)
  File "/root/miniconda3/lib/python3.12/site-packages/fastapi/routing.py", line 116, in app
    response = await f(request)
               ^^^^^^^^^^^^^^^^
  File "/root/miniconda3/lib/python3.12/site-packages/fastapi/routing.py", line 670, in app
    raw_response = await run_endpoint_function(
                   ^^^^^^^^^^^^^^^^^^^^^^^^^^^^
  File "/root/miniconda3/lib/python3.12/site-packages/fastapi/routing.py", line 326, in run_endpoint_function
    return await run_in_threadpool(dependant.call, **values)
           ^^^^^^^^^^^^^^^^^^^^^^^^^^^^^^^^^^^^^^^^^^^^^^^^^
  File "/root/miniconda3/lib/python3.12/site-packages/starlette/concurrency.py", line 32, in run_in_threadpool
    return await anyio.to_thread.run_sync(func)
           ^^^^^^^^^^^^^^^^^^^^^^^^^^^^^^^^^^^^
  File "/root/miniconda3/lib/python3.12/site-packages/anyio/to_thread.py", line 56, in run_sync
    return await get_async_backend().run_sync_in_worker_thread(
           ^^^^^^^^^^^^^^^^^^^^^^^^^^^^^^^^^^^^^^^^^^^^^^^^^^^^
  File "/root/miniconda3/lib/python3.12/site-packages/anyio/_backends/_asyncio.py", line 2470, in run_sync_in_worker_thread
    return await future
           ^^^^^^^^^^^^
  File "/root/miniconda3/lib/python3.12/site-packages/anyio/_backends/_asyncio.py", line 967, in run
    result = context.run(func, *args)
             ^^^^^^^^^^^^^^^^^^^^^^^^
  File "/root/03-faq-text-matching/app/routers/faqs.py", line 76, in create_faq
    return created(data=FAQ.model_validate(faq).model_dump())
                        ^^^^^^^^^^^^^^^^^^
AttributeError: type object 'FAQ' has no attribute 'model_validate'

2026-03-14 23:11:58 | ERROR    | app.main:global_exception_handler:102 - Unhandled exception: POST /api/v1/admin/faqs | IP: unknown
2026-03-14 23:19:47 | ERROR    | app.middleware.logging:_log_exception:213 - [1773501587085] Request error: DELETE /api/v1/admin/faqs/2 | IP: 127.0.0.1 | Duration: 10.00ms | Error: TypeError: Elasticsearch.delete() got an unexpected keyword argument 'filter'
Traceback:
Traceback (most recent call last):
  File "/root/03-faq-text-matching/app/middleware/logging.py", line 68, in dispatch
    response = await call_next(request)
               ^^^^^^^^^^^^^^^^^^^^^^^^
  File "/root/miniconda3/lib/python3.12/site-packages/starlette/middleware/base.py", line 168, in call_next
    raise app_exc from app_exc.__cause__ or app_exc.__context__
  File "/root/miniconda3/lib/python3.12/site-packages/starlette/middleware/base.py", line 144, in coro
    await self.app(scope, receive_or_disconnect, send_no_error)
  File "/root/miniconda3/lib/python3.12/site-packages/starlette/middleware/exceptions.py", line 63, in __call__
    await wrap_app_handling_exceptions(self.app, conn)(scope, receive, send)
  File "/root/miniconda3/lib/python3.12/site-packages/starlette/_exception_handler.py", line 53, in wrapped_app
    raise exc
  File "/root/miniconda3/lib/python3.12/site-packages/starlette/_exception_handler.py", line 42, in wrapped_app
    await app(scope, receive, sender)
  File "/root/miniconda3/lib/python3.12/site-packages/fastapi/middleware/asyncexitstack.py", line 18, in __call__
    await self.app(scope, receive, send)
  File "/root/miniconda3/lib/python3.12/site-packages/starlette/routing.py", line 716, in __call__
    await self.middleware_stack(scope, receive, send)
  File "/root/miniconda3/lib/python3.12/site-packages/starlette/routing.py", line 736, in app
    await route.handle(scope, receive, send)
  File "/root/miniconda3/lib/python3.12/site-packages/starlette/routing.py", line 290, in handle
    await self.app(scope, receive, send)
  File "/root/miniconda3/lib/python3.12/site-packages/fastapi/routing.py", line 130, in app
    await wrap_app_handling_exceptions(app, request)(scope, receive, send)
  File "/root/miniconda3/lib/python3.12/site-packages/starlette/_exception_handler.py", line 53, in wrapped_app
    raise exc
  File "/root/miniconda3/lib/python3.12/site-packages/starlette/_exception_handler.py", line 42, in wrapped_app
    await app(scope, receive, sender)
  File "/root/miniconda3/lib/python3.12/site-packages/fastapi/routing.py", line 116, in app
    response = await f(request)
               ^^^^^^^^^^^^^^^^
  File "/root/miniconda3/lib/python3.12/site-packages/fastapi/routing.py", line 670, in app
    raw_response = await run_endpoint_function(
                   ^^^^^^^^^^^^^^^^^^^^^^^^^^^^
  File "/root/miniconda3/lib/python3.12/site-packages/fastapi/routing.py", line 326, in run_endpoint_function
    return await run_in_threadpool(dependant.call, **values)
           ^^^^^^^^^^^^^^^^^^^^^^^^^^^^^^^^^^^^^^^^^^^^^^^^^
  File "/root/miniconda3/lib/python3.12/site-packages/starlette/concurrency.py", line 32, in run_in_threadpool
    return await anyio.to_thread.run_sync(func)
           ^^^^^^^^^^^^^^^^^^^^^^^^^^^^^^^^^^^^
  File "/root/miniconda3/lib/python3.12/site-packages/anyio/to_thread.py", line 56, in run_sync
    return await get_async_backend().run_sync_in_worker_thread(
           ^^^^^^^^^^^^^^^^^^^^^^^^^^^^^^^^^^^^^^^^^^^^^^^^^^^^
  File "/root/miniconda3/lib/python3.12/site-packages/anyio/_backends/_asyncio.py", line 2470, in run_sync_in_worker_thread
    return await future
           ^^^^^^^^^^^^
  File "/root/miniconda3/lib/python3.12/site-packages/anyio/_backends/_asyncio.py", line 967, in run
    result = context.run(func, *args)
             ^^^^^^^^^^^^^^^^^^^^^^^^
  File "/root/03-faq-text-matching/app/routers/faqs.py", line 209, in delete_faq
    ESDocument.delete_faq(faq_id=faq_id, env=env)
  File "/root/03-faq-text-matching/app/services/elasticsearch.py", line 210, in delete_faq
    result = client.delete(
             ^^^^^^^^^^^^^^
  File "/root/miniconda3/lib/python3.12/site-packages/elasticsearch/_sync/client/utils.py", line 446, in wrapped
    return api(*args, **kwargs)
           ^^^^^^^^^^^^^^^^^^^^
TypeError: Elasticsearch.delete() got an unexpected keyword argument 'filter'

2026-03-14 23:19:47 | ERROR    | app.main:global_exception_handler:102 - Unhandled exception: DELETE /api/v1/admin/faqs/2 | IP: unknown
